2013-05-17 00:09:56 INFO  SaveAndCopy:70 - Write: Done
2013-05-17 00:09:56 INFO  SaveAndCopy:64 - Copying files to Papyrus Workspace...
2013-05-17 00:09:56 INFO  FileUtils:42 - File is copied to manipulation/simples.notation from: /Users/edipofederle/Documents/modelingParaEscrita/TesteVisualizacao/edipo2.notation successful!
2013-05-17 00:09:56 INFO  FileUtils:42 - File is copied to manipulation/simples.uml from: /Users/edipofederle/Documents/modelingParaEscrita/TesteVisualizacao/edipo2.uml successful!
2013-05-17 00:09:56 INFO  FileUtils:42 - File is copied to manipulation/simples.di from: /Users/edipofederle/Documents/modelingParaEscrita/TesteVisualizacao/edipo2.di successful!
2013-05-17 00:09:56 INFO  SaveAndCopy:70 - Write: Done
2013-05-17 00:09:56 INFO  SaveAndCopy:64 - Copying files to Papyrus Workspace...
2013-05-17 00:09:56 INFO  FileUtils:42 - File is copied to manipulation/simples.notation from: /Users/edipofederle/Documents/modelingParaEscrita/TesteVisualizacao/edipo2.notation successful!
2013-05-17 00:09:56 INFO  FileUtils:42 - File is copied to manipulation/simples.uml from: /Users/edipofederle/Documents/modelingParaEscrita/TesteVisualizacao/edipo2.uml successful!
2013-05-17 00:09:56 INFO  FileUtils:42 - File is copied to manipulation/simples.di from: /Users/edipofederle/Documents/modelingParaEscrita/TesteVisualizacao/edipo2.di successful!
2013-05-17 00:09:56 INFO  SaveAndCopy:70 - Write: Done
2013-05-17 00:09:56 INFO  SaveAndCopy:64 - Copying files to Papyrus Workspace...
2013-05-17 00:09:56 INFO  FileUtils:42 - File is copied to manipulation/simples.notation from: /Users/edipofederle/Documents/modelingParaEscrita/TesteVisualizacao/ste2.notation successful!
2013-05-17 00:09:56 INFO  FileUtils:42 - File is copied to manipulation/simples.uml from: /Users/edipofederle/Documents/modelingParaEscrita/TesteVisualizacao/ste2.uml successful!
2013-05-17 00:09:56 INFO  FileUtils:42 - File is copied to manipulation/simples.di from: /Users/edipofederle/Documents/modelingParaEscrita/TesteVisualizacao/ste2.di successful!
2013-05-17 00:09:56 INFO  SaveAndCopy:70 - Write: Done
2013-05-17 00:09:56 INFO  SaveAndCopy:64 - Copying files to Papyrus Workspace...
2013-05-17 00:09:56 INFO  FileUtils:42 - File is copied to manipulation/simples.notation from: /Users/edipofederle/Documents/modelingParaEscrita/TesteVisualizacao/ste2.notation successful!
2013-05-17 00:09:56 INFO  FileUtils:42 - File is copied to manipulation/simples.uml from: /Users/edipofederle/Documents/modelingParaEscrita/TesteVisualizacao/ste2.uml successful!
2013-05-17 00:09:56 INFO  FileUtils:42 - File is copied to manipulation/simples.di from: /Users/edipofederle/Documents/modelingParaEscrita/TesteVisualizacao/ste2.di successful!
2013-05-17 00:09:56 INFO  SaveAndCopy:70 - Write: Done
2013-05-17 00:09:56 INFO  SaveAndCopy:64 - Copying files to Papyrus Workspace...
2013-05-17 00:09:56 INFO  FileUtils:42 - File is copied to manipulation/simples.notation from: /Users/edipofederle/Documents/modelingParaEscrita/TesteVisualizacao/ste2.notation successful!
2013-05-17 00:09:56 INFO  FileUtils:42 - File is copied to manipulation/simples.uml from: /Users/edipofederle/Documents/modelingParaEscrita/TesteVisualizacao/ste2.uml successful!
2013-05-17 00:09:56 INFO  FileUtils:42 - File is copied to manipulation/simples.di from: /Users/edipofederle/Documents/modelingParaEscrita/TesteVisualizacao/ste2.di successful!
2013-05-17 00:09:56 INFO  SaveAndCopy:70 - Write: Done
2013-05-17 00:09:56 INFO  SaveAndCopy:64 - Copying files to Papyrus Workspace...
2013-05-17 00:09:56 INFO  FileUtils:42 - File is copied to manipulation/simples.notation from: /Users/edipofederle/Documents/modelingParaEscrita/TesteVisualizacao/ste2.notation successful!
2013-05-17 00:09:56 INFO  FileUtils:42 - File is copied to manipulation/simples.uml from: /Users/edipofederle/Documents/modelingParaEscrita/TesteVisualizacao/ste2.uml successful!
2013-05-17 00:09:56 INFO  FileUtils:42 - File is copied to manipulation/simples.di from: /Users/edipofederle/Documents/modelingParaEscrita/TesteVisualizacao/ste2.di successful!
2013-05-17 00:09:56 INFO  SaveAndCopy:70 - Write: Done
2013-05-17 00:09:56 INFO  SaveAndCopy:64 - Copying files to Papyrus Workspace...
2013-05-17 00:09:56 INFO  FileUtils:42 - File is copied to manipulation/simples.notation from: /Users/edipofederle/Documents/modelingParaEscrita/TesteVisualizacao/ste3.notation successful!
2013-05-17 00:09:56 INFO  FileUtils:42 - File is copied to manipulation/simples.uml from: /Users/edipofederle/Documents/modelingParaEscrita/TesteVisualizacao/ste3.uml successful!
2013-05-17 00:09:56 INFO  FileUtils:42 - File is copied to manipulation/simples.di from: /Users/edipofederle/Documents/modelingParaEscrita/TesteVisualizacao/ste3.di successful!
2013-05-17 00:09:56 INFO  SaveAndCopy:70 - Write: Done
2013-05-17 00:09:56 INFO  SaveAndCopy:64 - Copying files to Papyrus Workspace...
2013-05-17 00:09:56 INFO  FileUtils:42 - File is copied to manipulation/simples.notation from: /Users/edipofederle/Documents/modelingParaEscrita/TesteVisualizacao/ste3.notation successful!
2013-05-17 00:09:56 INFO  FileUtils:42 - File is copied to manipulation/simples.uml from: /Users/edipofederle/Documents/modelingParaEscrita/TesteVisualizacao/ste3.uml successful!
2013-05-17 00:09:56 INFO  FileUtils:42 - File is copied to manipulation/simples.di from: /Users/edipofederle/Documents/modelingParaEscrita/TesteVisualizacao/ste3.di successful!
2013-05-17 00:09:56 INFO  SaveAndCopy:70 - Write: Done
2013-05-17 00:09:56 INFO  SaveAndCopy:64 - Copying files to Papyrus Workspace...
2013-05-17 00:09:56 INFO  FileUtils:42 - File is copied to manipulation/simples.notation from: /Users/edipofederle/Documents/modelingParaEscrita/TesteVisualizacao/ste3.notation successful!
2013-05-17 00:09:56 INFO  FileUtils:42 - File is copied to manipulation/simples.uml from: /Users/edipofederle/Documents/modelingParaEscrita/TesteVisualizacao/ste3.uml successful!
2013-05-17 00:09:56 INFO  FileUtils:42 - File is copied to manipulation/simples.di from: /Users/edipofederle/Documents/modelingParaEscrita/TesteVisualizacao/ste3.di successful!
2013-05-17 00:09:56 INFO  SaveAndCopy:70 - Write: Done
2013-05-17 00:09:56 INFO  SaveAndCopy:64 - Copying files to Papyrus Workspace...
2013-05-17 00:09:56 INFO  FileUtils:42 - File is copied to manipulation/simples.notation from: /Users/edipofederle/Documents/modelingParaEscrita/TesteVisualizacao/ste3.notation successful!
2013-05-17 00:09:56 INFO  FileUtils:42 - File is copied to manipulation/simples.uml from: /Users/edipofederle/Documents/modelingParaEscrita/TesteVisualizacao/ste3.uml successful!
2013-05-17 00:09:56 INFO  FileUtils:42 - File is copied to manipulation/simples.di from: /Users/edipofederle/Documents/modelingParaEscrita/TesteVisualizacao/ste3.di successful!
2013-05-17 00:09:56 INFO  SaveAndCopy:70 - Write: Done
2013-05-17 00:09:56 INFO  SaveAndCopy:64 - Copying files to Papyrus Workspace...
2013-05-17 00:09:56 INFO  FileUtils:42 - File is copied to manipulation/simples.notation from: /Users/edipofederle/Documents/modelingParaEscrita/TesteVisualizacao/ste4.notation successful!
2013-05-17 00:09:56 INFO  FileUtils:42 - File is copied to manipulation/simples.uml from: /Users/edipofederle/Documents/modelingParaEscrita/TesteVisualizacao/ste4.uml successful!
2013-05-17 00:09:56 INFO  FileUtils:42 - File is copied to manipulation/simples.di from: /Users/edipofederle/Documents/modelingParaEscrita/TesteVisualizacao/ste4.di successful!
2013-05-17 00:09:56 INFO  SaveAndCopy:70 - Write: Done
2013-05-17 00:09:56 INFO  SaveAndCopy:64 - Copying files to Papyrus Workspace...
2013-05-17 00:09:56 INFO  FileUtils:42 - File is copied to manipulation/simples.notation from: /Users/edipofederle/Documents/modelingParaEscrita/TesteVisualizacao/ste4.notation successful!
2013-05-17 00:09:56 INFO  FileUtils:42 - File is copied to manipulation/simples.uml from: /Users/edipofederle/Documents/modelingParaEscrita/TesteVisualizacao/ste4.uml successful!
2013-05-17 00:09:56 INFO  FileUtils:42 - File is copied to manipulation/simples.di from: /Users/edipofederle/Documents/modelingParaEscrita/TesteVisualizacao/ste4.di successful!
2013-05-17 00:09:56 INFO  SaveAndCopy:70 - Write: Done
2013-05-17 00:09:56 INFO  SaveAndCopy:64 - Copying files to Papyrus Workspace...
2013-05-17 00:09:56 INFO  FileUtils:42 - File is copied to manipulation/simples.notation from: /Users/edipofederle/Documents/modelingParaEscrita/TesteVisualizacao/ste4.notation successful!
2013-05-17 00:09:56 INFO  FileUtils:42 - File is copied to manipulation/simples.uml from: /Users/edipofederle/Documents/modelingParaEscrita/TesteVisualizacao/ste4.uml successful!
2013-05-17 00:09:56 INFO  FileUtils:42 - File is copied to manipulation/simples.di from: /Users/edipofederle/Documents/modelingParaEscrita/TesteVisualizacao/ste4.di successful!
2013-05-17 00:09:56 INFO  SaveAndCopy:70 - Write: Done
2013-05-17 00:09:56 INFO  SaveAndCopy:64 - Copying files to Papyrus Workspace...
2013-05-17 00:09:56 INFO  FileUtils:42 - File is copied to manipulation/simples.notation from: /Users/edipofederle/Documents/modelingParaEscrita/TesteVisualizacao/ste4.notation successful!
2013-05-17 00:09:56 INFO  FileUtils:42 - File is copied to manipulation/simples.uml from: /Users/edipofederle/Documents/modelingParaEscrita/TesteVisualizacao/ste4.uml successful!
2013-05-17 00:09:56 INFO  FileUtils:42 - File is copied to manipulation/simples.di from: /Users/edipofederle/Documents/modelingParaEscrita/TesteVisualizacao/ste4.di successful!
2013-05-17 00:09:56 INFO  SaveAndCopy:70 - Write: Done
2013-05-17 00:09:56 INFO  SaveAndCopy:64 - Copying files to Papyrus Workspace...
2013-05-17 00:09:56 INFO  FileUtils:42 - File is copied to manipulation/simples.notation from: /Users/edipofederle/Documents/modelingParaEscrita/TesteVisualizacao/ste4.notation successful!
2013-05-17 00:09:56 INFO  FileUtils:42 - File is copied to manipulation/simples.uml from: /Users/edipofederle/Documents/modelingParaEscrita/TesteVisualizacao/ste4.uml successful!
2013-05-17 00:09:56 INFO  FileUtils:42 - File is copied to manipulation/simples.di from: /Users/edipofederle/Documents/modelingParaEscrita/TesteVisualizacao/ste4.di successful!
2013-05-17 00:09:56 INFO  SaveAndCopy:70 - Write: Done
2013-05-17 00:09:56 INFO  SaveAndCopy:64 - Copying files to Papyrus Workspace...
2013-05-17 00:09:56 INFO  FileUtils:42 - File is copied to manipulation/simples.notation from: /Users/edipofederle/Documents/modelingParaEscrita/TesteVisualizacao/ste4.notation successful!
2013-05-17 00:09:56 INFO  FileUtils:42 - File is copied to manipulation/simples.uml from: /Users/edipofederle/Documents/modelingParaEscrita/TesteVisualizacao/ste4.uml successful!
2013-05-17 00:09:56 INFO  FileUtils:42 - File is copied to manipulation/simples.di from: /Users/edipofederle/Documents/modelingParaEscrita/TesteVisualizacao/ste4.di successful!
2013-05-17 00:09:56 INFO  SaveAndCopy:70 - Write: Done
2013-05-17 00:09:56 INFO  SaveAndCopy:64 - Copying files to Papyrus Workspace...
2013-05-17 00:09:56 INFO  FileUtils:42 - File is copied to manipulation/simples.notation from: /Users/edipofederle/Documents/modelingParaEscrita/TesteVisualizacao/ste4.notation successful!
2013-05-17 00:09:56 INFO  FileUtils:42 - File is copied to manipulation/simples.uml from: /Users/edipofederle/Documents/modelingParaEscrita/TesteVisualizacao/ste4.uml successful!
2013-05-17 00:09:56 INFO  FileUtils:42 - File is copied to manipulation/simples.di from: /Users/edipofederle/Documents/modelingParaEscrita/TesteVisualizacao/ste4.di successful!
2013-05-17 00:09:56 INFO  SaveAndCopy:70 - Write: Done
2013-05-17 00:09:56 INFO  SaveAndCopy:64 - Copying files to Papyrus Workspace...
2013-05-17 00:09:56 INFO  FileUtils:42 - File is copied to manipulation/simples.notation from: /Users/edipofederle/Documents/modelingParaEscrita/TesteVisualizacao/ste4.notation successful!
2013-05-17 00:09:56 INFO  FileUtils:42 - File is copied to manipulation/simples.uml from: /Users/edipofederle/Documents/modelingParaEscrita/TesteVisualizacao/ste4.uml successful!
2013-05-17 00:09:56 INFO  FileUtils:42 - File is copied to manipulation/simples.di from: /Users/edipofederle/Documents/modelingParaEscrita/TesteVisualizacao/ste4.di successful!
2013-05-17 00:09:56 INFO  SaveAndCopy:70 - Write: Done
2013-05-17 00:09:56 INFO  SaveAndCopy:64 - Copying files to Papyrus Workspace...
2013-05-17 00:09:56 INFO  FileUtils:42 - File is copied to manipulation/simples.notation from: /Users/edipofederle/Documents/modelingParaEscrita/TesteVisualizacao/ste4.notation successful!
2013-05-17 00:09:56 INFO  FileUtils:42 - File is copied to manipulation/simples.uml from: /Users/edipofederle/Documents/modelingParaEscrita/TesteVisualizacao/ste4.uml successful!
2013-05-17 00:09:56 INFO  FileUtils:42 - File is copied to manipulation/simples.di from: /Users/edipofederle/Documents/modelingParaEscrita/TesteVisualizacao/ste4.di successful!
2013-05-17 00:09:56 INFO  SaveAndCopy:70 - Write: Done
2013-05-17 00:09:56 INFO  SaveAndCopy:64 - Copying files to Papyrus Workspace...
2013-05-17 00:09:56 INFO  FileUtils:42 - File is copied to manipulation/simples.notation from: /Users/edipofederle/Documents/modelingParaEscrita/TesteVisualizacao/ste4.notation successful!
2013-05-17 00:09:56 INFO  FileUtils:42 - File is copied to manipulation/simples.uml from: /Users/edipofederle/Documents/modelingParaEscrita/TesteVisualizacao/ste4.uml successful!
2013-05-17 00:09:56 INFO  FileUtils:42 - File is copied to manipulation/simples.di from: /Users/edipofederle/Documents/modelingParaEscrita/TesteVisualizacao/ste4.di successful!
2013-05-17 00:09:56 INFO  SaveAndCopy:70 - Write: Done
2013-05-17 00:09:56 INFO  SaveAndCopy:64 - Copying files to Papyrus Workspace...
2013-05-17 00:09:56 INFO  FileUtils:42 - File is copied to manipulation/simples.notation from: /Users/edipofederle/Documents/modelingParaEscrita/TesteVisualizacao/Composicao.notation successful!
2013-05-17 00:09:56 INFO  FileUtils:42 - File is copied to manipulation/simples.uml from: /Users/edipofederle/Documents/modelingParaEscrita/TesteVisualizacao/Composicao.uml successful!
2013-05-17 00:09:56 INFO  FileUtils:42 - File is copied to manipulation/simples.di from: /Users/edipofederle/Documents/modelingParaEscrita/TesteVisualizacao/Composicao.di successful!
2013-05-17 00:09:56 INFO  SaveAndCopy:70 - Write: Done
2013-05-17 00:09:56 INFO  SaveAndCopy:64 - Copying files to Papyrus Workspace...
2013-05-17 00:09:56 INFO  FileUtils:42 - File is copied to manipulation/simples.notation from: /Users/edipofederle/Documents/modelingParaEscrita/TesteVisualizacao/Composicao.notation successful!
2013-05-17 00:09:56 INFO  FileUtils:42 - File is copied to manipulation/simples.uml from: /Users/edipofederle/Documents/modelingParaEscrita/TesteVisualizacao/Composicao.uml successful!
2013-05-17 00:09:56 INFO  FileUtils:42 - File is copied to manipulation/simples.di from: /Users/edipofederle/Documents/modelingParaEscrita/TesteVisualizacao/Composicao.di successful!
2013-05-17 00:09:56 INFO  SaveAndCopy:70 - Write: Done
2013-05-17 00:09:56 INFO  SaveAndCopy:64 - Copying files to Papyrus Workspace...
2013-05-17 00:09:56 INFO  FileUtils:42 - File is copied to manipulation/simples.notation from: /Users/edipofederle/Documents/modelingParaEscrita/TesteVisualizacao/Composicao.notation successful!
2013-05-17 00:09:56 INFO  FileUtils:42 - File is copied to manipulation/simples.uml from: /Users/edipofederle/Documents/modelingParaEscrita/TesteVisualizacao/Composicao.uml successful!
2013-05-17 00:09:56 INFO  FileUtils:42 - File is copied to manipulation/simples.di from: /Users/edipofederle/Documents/modelingParaEscrita/TesteVisualizacao/Composicao.di successful!
2013-05-17 00:09:56 INFO  SaveAndCopy:70 - Write: Done
2013-05-17 00:09:56 INFO  SaveAndCopy:64 - Copying files to Papyrus Workspace...
2013-05-17 00:09:56 INFO  FileUtils:42 - File is copied to manipulation/simples.notation from: /Users/edipofederle/Documents/modelingParaEscrita/TesteVisualizacao/Composicao.notation successful!
2013-05-17 00:09:56 INFO  FileUtils:42 - File is copied to manipulation/simples.uml from: /Users/edipofederle/Documents/modelingParaEscrita/TesteVisualizacao/Composicao.uml successful!
2013-05-17 00:09:56 INFO  FileUtils:42 - File is copied to manipulation/simples.di from: /Users/edipofederle/Documents/modelingParaEscrita/TesteVisualizacao/Composicao.di successful!
2013-05-17 00:09:56 INFO  SaveAndCopy:70 - Write: Done
2013-05-17 00:09:56 INFO  SaveAndCopy:64 - Copying files to Papyrus Workspace...
2013-05-17 00:09:56 INFO  FileUtils:42 - File is copied to manipulation/simples.notation from: /Users/edipofederle/Documents/modelingParaEscrita/TesteVisualizacao/Composicao.notation successful!
2013-05-17 00:09:56 INFO  FileUtils:42 - File is copied to manipulation/simples.uml from: /Users/edipofederle/Documents/modelingParaEscrita/TesteVisualizacao/Composicao.uml successful!
2013-05-17 00:09:56 INFO  FileUtils:42 - File is copied to manipulation/simples.di from: /Users/edipofederle/Documents/modelingParaEscrita/TesteVisualizacao/Composicao.di successful!
2013-05-17 00:09:56 INFO  SaveAndCopy:70 - Write: Done
2013-05-17 00:09:56 INFO  SaveAndCopy:64 - Copying files to Papyrus Workspace...
2013-05-17 00:09:56 INFO  FileUtils:42 - File is copied to manipulation/simples.notation from: /Users/edipofederle/Documents/modelingParaEscrita/TesteVisualizacao/Composicao.notation successful!
2013-05-17 00:09:56 INFO  FileUtils:42 - File is copied to manipulation/simples.uml from: /Users/edipofederle/Documents/modelingParaEscrita/TesteVisualizacao/Composicao.uml successful!
2013-05-17 00:09:56 INFO  FileUtils:42 - File is copied to manipulation/simples.di from: /Users/edipofederle/Documents/modelingParaEscrita/TesteVisualizacao/Composicao.di successful!
2013-05-17 00:09:56 INFO  SaveAndCopy:70 - Write: Done
2013-05-17 00:09:56 INFO  SaveAndCopy:64 - Copying files to Papyrus Workspace...
2013-05-17 00:09:56 INFO  FileUtils:42 - File is copied to manipulation/simples.notation from: /Users/edipofederle/Documents/modelingParaEscrita/TesteVisualizacao/Composicao.notation successful!
2013-05-17 00:09:56 INFO  FileUtils:42 - File is copied to manipulation/simples.uml from: /Users/edipofederle/Documents/modelingParaEscrita/TesteVisualizacao/Composicao.uml successful!
2013-05-17 00:09:56 INFO  FileUtils:42 - File is copied to manipulation/simples.di from: /Users/edipofederle/Documents/modelingParaEscrita/TesteVisualizacao/Composicao.di successful!
2013-05-17 00:09:56 INFO  SaveAndCopy:70 - Write: Done
2013-05-17 00:09:56 INFO  SaveAndCopy:64 - Copying files to Papyrus Workspace...
2013-05-17 00:09:56 INFO  FileUtils:42 - File is copied to manipulation/simples.notation from: /Users/edipofederle/Documents/modelingParaEscrita/TesteVisualizacao/Composicao.notation successful!
2013-05-17 00:09:56 INFO  FileUtils:42 - File is copied to manipulation/simples.uml from: /Users/edipofederle/Documents/modelingParaEscrita/TesteVisualizacao/Composicao.uml successful!
2013-05-17 00:09:56 INFO  FileUtils:42 - File is copied to manipulation/simples.di from: /Users/edipofederle/Documents/modelingParaEscrita/TesteVisualizacao/Composicao.di successful!
2013-05-17 00:09:56 INFO  SaveAndCopy:70 - Write: Done
2013-05-17 00:09:56 INFO  SaveAndCopy:64 - Copying files to Papyrus Workspace...
2013-05-17 00:09:56 INFO  FileUtils:42 - File is copied to manipulation/simples.notation from: /Users/edipofederle/Documents/modelingParaEscrita/TesteVisualizacao/Composicao.notation successful!
2013-05-17 00:09:56 INFO  FileUtils:42 - File is copied to manipulation/simples.uml from: /Users/edipofederle/Documents/modelingParaEscrita/TesteVisualizacao/Composicao.uml successful!
2013-05-17 00:09:56 INFO  FileUtils:42 - File is copied to manipulation/simples.di from: /Users/edipofederle/Documents/modelingParaEscrita/TesteVisualizacao/Composicao.di successful!
2013-05-17 00:09:56 INFO  SaveAndCopy:70 - Write: Done
2013-05-17 00:09:56 INFO  SaveAndCopy:64 - Copying files to Papyrus Workspace...
2013-05-17 00:09:56 INFO  FileUtils:42 - File is copied to manipulation/simples.notation from: /Users/edipofederle/Documents/modelingParaEscrita/TesteVisualizacao/Composicao.notation successful!
2013-05-17 00:09:56 INFO  FileUtils:42 - File is copied to manipulation/simples.uml from: /Users/edipofederle/Documents/modelingParaEscrita/TesteVisualizacao/Composicao.uml successful!
2013-05-17 00:09:56 INFO  FileUtils:42 - File is copied to manipulation/simples.di from: /Users/edipofederle/Documents/modelingParaEscrita/TesteVisualizacao/Composicao.di successful!
2013-05-17 00:09:56 INFO  SaveAndCopy:70 - Write: Done
2013-05-17 00:09:56 INFO  SaveAndCopy:64 - Copying files to Papyrus Workspace...
2013-05-17 00:09:56 INFO  FileUtils:42 - File is copied to manipulation/simples.notation from: /Users/edipofederle/Documents/modelingParaEscrita/TesteVisualizacao/Composicao.notation successful!
2013-05-17 00:09:56 INFO  FileUtils:42 - File is copied to manipulation/simples.uml from: /Users/edipofederle/Documents/modelingParaEscrita/TesteVisualizacao/Composicao.uml successful!
2013-05-17 00:09:56 INFO  FileUtils:42 - File is copied to manipulation/simples.di from: /Users/edipofederle/Documents/modelingParaEscrita/TesteVisualizacao/Composicao.di successful!
2013-05-17 00:09:56 INFO  SaveAndCopy:70 - Write: Done
2013-05-17 00:09:56 INFO  SaveAndCopy:64 - Copying files to Papyrus Workspace...
2013-05-17 00:09:56 INFO  FileUtils:42 - File is copied to manipulation/simples.notation from: /Users/edipofederle/Documents/modelingParaEscrita/TesteVisualizacao/ComposicaoComMultiplicidade.notation successful!
2013-05-17 00:09:56 INFO  FileUtils:42 - File is copied to manipulation/simples.uml from: /Users/edipofederle/Documents/modelingParaEscrita/TesteVisualizacao/ComposicaoComMultiplicidade.uml successful!
2013-05-17 00:09:56 INFO  FileUtils:42 - File is copied to manipulation/simples.di from: /Users/edipofederle/Documents/modelingParaEscrita/TesteVisualizacao/ComposicaoComMultiplicidade.di successful!
2013-05-17 00:09:56 INFO  SaveAndCopy:70 - Write: Done
2013-05-17 00:09:56 INFO  SaveAndCopy:64 - Copying files to Papyrus Workspace...
2013-05-17 00:09:56 INFO  FileUtils:42 - File is copied to manipulation/simples.notation from: /Users/edipofederle/Documents/modelingParaEscrita/TesteVisualizacao/ComposicaoComMultiplicidade.notation successful!
2013-05-17 00:09:56 INFO  FileUtils:42 - File is copied to manipulation/simples.uml from: /Users/edipofederle/Documents/modelingParaEscrita/TesteVisualizacao/ComposicaoComMultiplicidade.uml successful!
2013-05-17 00:09:56 INFO  FileUtils:42 - File is copied to manipulation/simples.di from: /Users/edipofederle/Documents/modelingParaEscrita/TesteVisualizacao/ComposicaoComMultiplicidade.di successful!
2013-05-17 00:09:56 INFO  SaveAndCopy:70 - Write: Done
2013-05-17 00:09:56 INFO  SaveAndCopy:64 - Copying files to Papyrus Workspace...
2013-05-17 00:09:56 INFO  FileUtils:42 - File is copied to manipulation/simples.notation from: /Users/edipofederle/Documents/modelingParaEscrita/TesteVisualizacao/ComposicaoComMultiplicidade.notation successful!
2013-05-17 00:09:56 INFO  FileUtils:42 - File is copied to manipulation/simples.uml from: /Users/edipofederle/Documents/modelingParaEscrita/TesteVisualizacao/ComposicaoComMultiplicidade.uml successful!
2013-05-17 00:09:56 INFO  FileUtils:42 - File is copied to manipulation/simples.di from: /Users/edipofederle/Documents/modelingParaEscrita/TesteVisualizacao/ComposicaoComMultiplicidade.di successful!
2013-05-17 00:09:56 INFO  SaveAndCopy:70 - Write: Done
2013-05-17 00:09:56 INFO  SaveAndCopy:64 - Copying files to Papyrus Workspace...
2013-05-17 00:09:56 INFO  FileUtils:42 - File is copied to manipulation/simples.notation from: /Users/edipofederle/Documents/modelingParaEscrita/TesteVisualizacao/ComposicaoComMultiplicidade.notation successful!
2013-05-17 00:09:56 INFO  FileUtils:42 - File is copied to manipulation/simples.uml from: /Users/edipofederle/Documents/modelingParaEscrita/TesteVisualizacao/ComposicaoComMultiplicidade.uml successful!
2013-05-17 00:09:56 INFO  FileUtils:42 - File is copied to manipulation/simples.di from: /Users/edipofederle/Documents/modelingParaEscrita/TesteVisualizacao/ComposicaoComMultiplicidade.di successful!
2013-05-17 00:09:56 INFO  SaveAndCopy:70 - Write: Done
2013-05-17 00:09:56 INFO  SaveAndCopy:64 - Copying files to Papyrus Workspace...
2013-05-17 00:09:56 INFO  FileUtils:42 - File is copied to manipulation/simples.notation from: /Users/edipofederle/Documents/modelingParaEscrita/TesteVisualizacao/ComposicaoComMultiplicidade.notation successful!
2013-05-17 00:09:56 INFO  FileUtils:42 - File is copied to manipulation/simples.uml from: /Users/edipofederle/Documents/modelingParaEscrita/TesteVisualizacao/ComposicaoComMultiplicidade.uml successful!
2013-05-17 00:09:56 INFO  FileUtils:42 - File is copied to manipulation/simples.di from: /Users/edipofederle/Documents/modelingParaEscrita/TesteVisualizacao/ComposicaoComMultiplicidade.di successful!
2013-05-17 00:09:56 INFO  SaveAndCopy:70 - Write: Done
2013-05-17 00:09:56 INFO  SaveAndCopy:64 - Copying files to Papyrus Workspace...
2013-05-17 00:09:56 INFO  FileUtils:42 - File is copied to manipulation/simples.notation from: /Users/edipofederle/Documents/modelingParaEscrita/TesteVisualizacao/ComposicaoComMultiplicidade.notation successful!
2013-05-17 00:09:56 INFO  FileUtils:42 - File is copied to manipulation/simples.uml from: /Users/edipofederle/Documents/modelingParaEscrita/TesteVisualizacao/ComposicaoComMultiplicidade.uml successful!
2013-05-17 00:09:56 INFO  FileUtils:42 - File is copied to manipulation/simples.di from: /Users/edipofederle/Documents/modelingParaEscrita/TesteVisualizacao/ComposicaoComMultiplicidade.di successful!
2013-05-17 00:09:56 INFO  SaveAndCopy:70 - Write: Done
2013-05-17 00:09:56 INFO  SaveAndCopy:64 - Copying files to Papyrus Workspace...
2013-05-17 00:09:56 INFO  FileUtils:42 - File is copied to manipulation/simples.notation from: /Users/edipofederle/Documents/modelingParaEscrita/TesteVisualizacao/composicaoPacote.notation successful!
2013-05-17 00:09:56 INFO  FileUtils:42 - File is copied to manipulation/simples.uml from: /Users/edipofederle/Documents/modelingParaEscrita/TesteVisualizacao/composicaoPacote.uml successful!
2013-05-17 00:09:56 INFO  FileUtils:42 - File is copied to manipulation/simples.di from: /Users/edipofederle/Documents/modelingParaEscrita/TesteVisualizacao/composicaoPacote.di successful!
2013-05-17 00:09:56 INFO  SaveAndCopy:70 - Write: Done
2013-05-17 00:09:56 INFO  SaveAndCopy:64 - Copying files to Papyrus Workspace...
2013-05-17 00:09:56 INFO  FileUtils:42 - File is copied to manipulation/simples.notation from: /Users/edipofederle/Documents/modelingParaEscrita/TesteVisualizacao/composicaoPacote.notation successful!
2013-05-17 00:09:56 INFO  FileUtils:42 - File is copied to manipulation/simples.uml from: /Users/edipofederle/Documents/modelingParaEscrita/TesteVisualizacao/composicaoPacote.uml successful!
2013-05-17 00:09:56 INFO  FileUtils:42 - File is copied to manipulation/simples.di from: /Users/edipofederle/Documents/modelingParaEscrita/TesteVisualizacao/composicaoPacote.di successful!
2013-05-17 00:09:56 INFO  SaveAndCopy:70 - Write: Done
2013-05-17 00:09:56 INFO  SaveAndCopy:64 - Copying files to Papyrus Workspace...
2013-05-17 00:09:56 INFO  FileUtils:42 - File is copied to manipulation/simples.notation from: /Users/edipofederle/Documents/modelingParaEscrita/TesteVisualizacao/composicaoPacote.notation successful!
2013-05-17 00:09:56 INFO  FileUtils:42 - File is copied to manipulation/simples.uml from: /Users/edipofederle/Documents/modelingParaEscrita/TesteVisualizacao/composicaoPacote.uml successful!
2013-05-17 00:09:56 INFO  FileUtils:42 - File is copied to manipulation/simples.di from: /Users/edipofederle/Documents/modelingParaEscrita/TesteVisualizacao/composicaoPacote.di successful!
2013-05-17 00:09:56 INFO  SaveAndCopy:70 - Write: Done
2013-05-17 00:09:56 INFO  SaveAndCopy:64 - Copying files to Papyrus Workspace...
2013-05-17 00:09:56 INFO  FileUtils:42 - File is copied to manipulation/simples.notation from: /Users/edipofederle/Documents/modelingParaEscrita/TesteVisualizacao/composicaoPacote.notation successful!
2013-05-17 00:09:56 INFO  FileUtils:42 - File is copied to manipulation/simples.uml from: /Users/edipofederle/Documents/modelingParaEscrita/TesteVisualizacao/composicaoPacote.uml successful!
2013-05-17 00:09:56 INFO  FileUtils:42 - File is copied to manipulation/simples.di from: /Users/edipofederle/Documents/modelingParaEscrita/TesteVisualizacao/composicaoPacote.di successful!
2013-05-17 00:09:56 INFO  SaveAndCopy:70 - Write: Done
2013-05-17 00:09:56 INFO  SaveAndCopy:64 - Copying files to Papyrus Workspace...
2013-05-17 00:09:56 INFO  FileUtils:42 - File is copied to manipulation/simples.notation from: /Users/edipofederle/Documents/modelingParaEscrita/TesteVisualizacao/composicaoPacote.notation successful!
2013-05-17 00:09:56 INFO  FileUtils:42 - File is copied to manipulation/simples.uml from: /Users/edipofederle/Documents/modelingParaEscrita/TesteVisualizacao/composicaoPacote.uml successful!
2013-05-17 00:09:56 INFO  FileUtils:42 - File is copied to manipulation/simples.di from: /Users/edipofederle/Documents/modelingParaEscrita/TesteVisualizacao/composicaoPacote.di successful!
2013-05-17 00:09:56 INFO  SaveAndCopy:70 - Write: Done
2013-05-17 00:09:56 INFO  SaveAndCopy:64 - Copying files to Papyrus Workspace...
2013-05-17 00:09:56 INFO  FileUtils:42 - File is copied to manipulation/simples.notation from: /Users/edipofederle/Documents/modelingParaEscrita/TesteVisualizacao/composicaoPacote.notation successful!
2013-05-17 00:09:56 INFO  FileUtils:42 - File is copied to manipulation/simples.uml from: /Users/edipofederle/Documents/modelingParaEscrita/TesteVisualizacao/composicaoPacote.uml successful!
2013-05-17 00:09:56 INFO  FileUtils:42 - File is copied to manipulation/simples.di from: /Users/edipofederle/Documents/modelingParaEscrita/TesteVisualizacao/composicaoPacote.di successful!
2013-05-17 00:09:56 INFO  SaveAndCopy:70 - Write: Done
2013-05-17 00:09:56 INFO  SaveAndCopy:64 - Copying files to Papyrus Workspace...
2013-05-17 00:09:56 INFO  FileUtils:42 - File is copied to manipulation/simples.notation from: /Users/edipofederle/Documents/modelingParaEscrita/TesteVisualizacao/composicaoPacote.notation successful!
2013-05-17 00:09:56 INFO  FileUtils:42 - File is copied to manipulation/simples.uml from: /Users/edipofederle/Documents/modelingParaEscrita/TesteVisualizacao/composicaoPacote.uml successful!
2013-05-17 00:09:56 INFO  FileUtils:42 - File is copied to manipulation/simples.di from: /Users/edipofederle/Documents/modelingParaEscrita/TesteVisualizacao/composicaoPacote.di successful!
2013-05-17 00:09:56 INFO  SaveAndCopy:70 - Write: Done
2013-05-17 00:09:56 INFO  SaveAndCopy:64 - Copying files to Papyrus Workspace...
2013-05-17 00:09:56 INFO  FileUtils:42 - File is copied to manipulation/simples.notation from: /Users/edipofederle/Documents/modelingParaEscrita/TesteVisualizacao/composicaoPacote.notation successful!
2013-05-17 00:09:56 INFO  FileUtils:42 - File is copied to manipulation/simples.uml from: /Users/edipofederle/Documents/modelingParaEscrita/TesteVisualizacao/composicaoPacote.uml successful!
2013-05-17 00:09:56 INFO  FileUtils:42 - File is copied to manipulation/simples.di from: /Users/edipofederle/Documents/modelingParaEscrita/TesteVisualizacao/composicaoPacote.di successful!
2013-05-17 00:09:56 INFO  SaveAndCopy:70 - Write: Done
2013-05-17 00:09:56 INFO  SaveAndCopy:64 - Copying files to Papyrus Workspace...
2013-05-17 00:09:56 INFO  FileUtils:42 - File is copied to manipulation/simples.notation from: /Users/edipofederle/Documents/modelingParaEscrita/TesteVisualizacao/AggregationWithName.notation successful!
2013-05-17 00:09:56 INFO  FileUtils:42 - File is copied to manipulation/simples.uml from: /Users/edipofederle/Documents/modelingParaEscrita/TesteVisualizacao/AggregationWithName.uml successful!
2013-05-17 00:09:56 INFO  FileUtils:42 - File is copied to manipulation/simples.di from: /Users/edipofederle/Documents/modelingParaEscrita/TesteVisualizacao/AggregationWithName.di successful!
2013-05-17 00:09:56 INFO  SaveAndCopy:70 - Write: Done
2013-05-17 00:09:56 INFO  SaveAndCopy:64 - Copying files to Papyrus Workspace...
2013-05-17 00:09:56 INFO  FileUtils:42 - File is copied to manipulation/simples.notation from: /Users/edipofederle/Documents/modelingParaEscrita/TesteVisualizacao/AggregationWithName.notation successful!
2013-05-17 00:09:56 INFO  FileUtils:42 - File is copied to manipulation/simples.uml from: /Users/edipofederle/Documents/modelingParaEscrita/TesteVisualizacao/AggregationWithName.uml successful!
2013-05-17 00:09:56 INFO  FileUtils:42 - File is copied to manipulation/simples.di from: /Users/edipofederle/Documents/modelingParaEscrita/TesteVisualizacao/AggregationWithName.di successful!
2013-05-17 00:09:56 INFO  SaveAndCopy:70 - Write: Done
2013-05-17 00:09:56 INFO  SaveAndCopy:64 - Copying files to Papyrus Workspace...
2013-05-17 00:09:56 INFO  FileUtils:42 - File is copied to manipulation/simples.notation from: /Users/edipofederle/Documents/modelingParaEscrita/TesteVisualizacao/AggregationWithName.notation successful!
2013-05-17 00:09:56 INFO  FileUtils:42 - File is copied to manipulation/simples.uml from: /Users/edipofederle/Documents/modelingParaEscrita/TesteVisualizacao/AggregationWithName.uml successful!
2013-05-17 00:09:56 INFO  FileUtils:42 - File is copied to manipulation/simples.di from: /Users/edipofederle/Documents/modelingParaEscrita/TesteVisualizacao/AggregationWithName.di successful!
2013-05-17 00:09:56 INFO  SaveAndCopy:70 - Write: Done
2013-05-17 00:09:56 INFO  SaveAndCopy:64 - Copying files to Papyrus Workspace...
2013-05-17 00:09:56 INFO  FileUtils:42 - File is copied to manipulation/simples.notation from: /Users/edipofederle/Documents/modelingParaEscrita/TesteVisualizacao/AggregationWithName.notation successful!
2013-05-17 00:09:56 INFO  FileUtils:42 - File is copied to manipulation/simples.uml from: /Users/edipofederle/Documents/modelingParaEscrita/TesteVisualizacao/AggregationWithName.uml successful!
2013-05-17 00:09:56 INFO  FileUtils:42 - File is copied to manipulation/simples.di from: /Users/edipofederle/Documents/modelingParaEscrita/TesteVisualizacao/AggregationWithName.di successful!
2013-05-17 00:09:56 INFO  SaveAndCopy:70 - Write: Done
2013-05-17 00:09:56 INFO  SaveAndCopy:64 - Copying files to Papyrus Workspace...
2013-05-17 00:09:56 INFO  FileUtils:42 - File is copied to manipulation/simples.notation from: /Users/edipofederle/Documents/modelingParaEscrita/TesteVisualizacao/AggregationWithName.notation successful!
2013-05-17 00:09:56 INFO  FileUtils:42 - File is copied to manipulation/simples.uml from: /Users/edipofederle/Documents/modelingParaEscrita/TesteVisualizacao/AggregationWithName.uml successful!
2013-05-17 00:09:56 INFO  FileUtils:42 - File is copied to manipulation/simples.di from: /Users/edipofederle/Documents/modelingParaEscrita/TesteVisualizacao/AggregationWithName.di successful!
2013-05-17 00:09:56 INFO  SaveAndCopy:70 - Write: Done
2013-05-17 00:09:56 INFO  SaveAndCopy:64 - Copying files to Papyrus Workspace...
2013-05-17 00:09:56 INFO  FileUtils:42 - File is copied to manipulation/simples.notation from: /Users/edipofederle/Documents/modelingParaEscrita/TesteVisualizacao/AggregationWithName.notation successful!
2013-05-17 00:09:56 INFO  FileUtils:42 - File is copied to manipulation/simples.uml from: /Users/edipofederle/Documents/modelingParaEscrita/TesteVisualizacao/AggregationWithName.uml successful!
2013-05-17 00:09:56 INFO  FileUtils:42 - File is copied to manipulation/simples.di from: /Users/edipofederle/Documents/modelingParaEscrita/TesteVisualizacao/AggregationWithName.di successful!
2013-05-17 00:09:56 INFO  SaveAndCopy:70 - Write: Done
2013-05-17 00:09:57 INFO  SaveAndCopy:64 - Copying files to Papyrus Workspace...
2013-05-17 00:09:57 INFO  FileUtils:42 - File is copied to manipulation/simples.notation from: /Users/edipofederle/Documents/modelingParaEscrita/TesteVisualizacao/AggregationWithName2.notation successful!
2013-05-17 00:09:57 INFO  FileUtils:42 - File is copied to manipulation/simples.uml from: /Users/edipofederle/Documents/modelingParaEscrita/TesteVisualizacao/AggregationWithName2.uml successful!
2013-05-17 00:09:57 INFO  FileUtils:42 - File is copied to manipulation/simples.di from: /Users/edipofederle/Documents/modelingParaEscrita/TesteVisualizacao/AggregationWithName2.di successful!
2013-05-17 00:09:57 INFO  SaveAndCopy:70 - Write: Done
2013-05-17 00:09:57 INFO  SaveAndCopy:64 - Copying files to Papyrus Workspace...
2013-05-17 00:09:57 INFO  FileUtils:42 - File is copied to manipulation/simples.notation from: /Users/edipofederle/Documents/modelingParaEscrita/TesteVisualizacao/AggregationWithName2.notation successful!
2013-05-17 00:09:57 INFO  FileUtils:42 - File is copied to manipulation/simples.uml from: /Users/edipofederle/Documents/modelingParaEscrita/TesteVisualizacao/AggregationWithName2.uml successful!
2013-05-17 00:09:57 INFO  FileUtils:42 - File is copied to manipulation/simples.di from: /Users/edipofederle/Documents/modelingParaEscrita/TesteVisualizacao/AggregationWithName2.di successful!
2013-05-17 00:09:57 INFO  SaveAndCopy:70 - Write: Done
2013-05-17 00:09:57 INFO  SaveAndCopy:64 - Copying files to Papyrus Workspace...
2013-05-17 00:09:57 INFO  FileUtils:42 - File is copied to manipulation/simples.notation from: /Users/edipofederle/Documents/modelingParaEscrita/TesteVisualizacao/AggregationWithName2.notation successful!
2013-05-17 00:09:57 INFO  FileUtils:42 - File is copied to manipulation/simples.uml from: /Users/edipofederle/Documents/modelingParaEscrita/TesteVisualizacao/AggregationWithName2.uml successful!
2013-05-17 00:09:57 INFO  FileUtils:42 - File is copied to manipulation/simples.di from: /Users/edipofederle/Documents/modelingParaEscrita/TesteVisualizacao/AggregationWithName2.di successful!
2013-05-17 00:09:57 INFO  SaveAndCopy:70 - Write: Done
2013-05-17 00:09:57 INFO  SaveAndCopy:64 - Copying files to Papyrus Workspace...
2013-05-17 00:09:57 INFO  FileUtils:42 - File is copied to manipulation/simples.notation from: /Users/edipofederle/Documents/modelingParaEscrita/TesteVisualizacao/AggregationWithName2.notation successful!
2013-05-17 00:09:57 INFO  FileUtils:42 - File is copied to manipulation/simples.uml from: /Users/edipofederle/Documents/modelingParaEscrita/TesteVisualizacao/AggregationWithName2.uml successful!
2013-05-17 00:09:57 INFO  FileUtils:42 - File is copied to manipulation/simples.di from: /Users/edipofederle/Documents/modelingParaEscrita/TesteVisualizacao/AggregationWithName2.di successful!
2013-05-17 00:09:57 INFO  SaveAndCopy:70 - Write: Done
2013-05-17 00:09:57 INFO  SaveAndCopy:64 - Copying files to Papyrus Workspace...
2013-05-17 00:09:57 INFO  FileUtils:42 - File is copied to manipulation/simples.notation from: /Users/edipofederle/Documents/modelingParaEscrita/TesteVisualizacao/AggregationWithName2.notation successful!
2013-05-17 00:09:57 INFO  FileUtils:42 - File is copied to manipulation/simples.uml from: /Users/edipofederle/Documents/modelingParaEscrita/TesteVisualizacao/AggregationWithName2.uml successful!
2013-05-17 00:09:57 INFO  FileUtils:42 - File is copied to manipulation/simples.di from: /Users/edipofederle/Documents/modelingParaEscrita/TesteVisualizacao/AggregationWithName2.di successful!
2013-05-17 00:09:57 INFO  SaveAndCopy:70 - Write: Done
2013-05-17 00:09:57 INFO  SaveAndCopy:64 - Copying files to Papyrus Workspace...
2013-05-17 00:09:57 INFO  FileUtils:42 - File is copied to manipulation/simples.notation from: /Users/edipofederle/Documents/modelingParaEscrita/TesteVisualizacao/AggregationWithName2.notation successful!
2013-05-17 00:09:57 INFO  FileUtils:42 - File is copied to manipulation/simples.uml from: /Users/edipofederle/Documents/modelingParaEscrita/TesteVisualizacao/AggregationWithName2.uml successful!
2013-05-17 00:09:57 INFO  FileUtils:42 - File is copied to manipulation/simples.di from: /Users/edipofederle/Documents/modelingParaEscrita/TesteVisualizacao/AggregationWithName2.di successful!
2013-05-17 00:09:57 INFO  SaveAndCopy:70 - Write: Done
2013-05-17 00:09:57 INFO  SaveAndCopy:64 - Copying files to Papyrus Workspace...
2013-05-17 00:09:57 INFO  FileUtils:42 - File is copied to manipulation/simples.notation from: /Users/edipofederle/Documents/modelingParaEscrita/TesteVisualizacao/shared.notation successful!
2013-05-17 00:09:57 INFO  FileUtils:42 - File is copied to manipulation/simples.uml from: /Users/edipofederle/Documents/modelingParaEscrita/TesteVisualizacao/shared.uml successful!
2013-05-17 00:09:57 INFO  FileUtils:42 - File is copied to manipulation/simples.di from: /Users/edipofederle/Documents/modelingParaEscrita/TesteVisualizacao/shared.di successful!
2013-05-17 00:09:57 INFO  SaveAndCopy:70 - Write: Done
2013-05-17 00:09:57 INFO  SaveAndCopy:64 - Copying files to Papyrus Workspace...
2013-05-17 00:09:57 INFO  FileUtils:42 - File is copied to manipulation/simples.notation from: /Users/edipofederle/Documents/modelingParaEscrita/TesteVisualizacao/shared.notation successful!
2013-05-17 00:09:57 INFO  FileUtils:42 - File is copied to manipulation/simples.uml from: /Users/edipofederle/Documents/modelingParaEscrita/TesteVisualizacao/shared.uml successful!
2013-05-17 00:09:57 INFO  FileUtils:42 - File is copied to manipulation/simples.di from: /Users/edipofederle/Documents/modelingParaEscrita/TesteVisualizacao/shared.di successful!
2013-05-17 00:09:57 INFO  SaveAndCopy:70 - Write: Done
2013-05-17 00:09:57 INFO  SaveAndCopy:64 - Copying files to Papyrus Workspace...
2013-05-17 00:09:57 INFO  FileUtils:42 - File is copied to manipulation/simples.notation from: /Users/edipofederle/Documents/modelingParaEscrita/TesteVisualizacao/shared.notation successful!
2013-05-17 00:09:57 INFO  FileUtils:42 - File is copied to manipulation/simples.uml from: /Users/edipofederle/Documents/modelingParaEscrita/TesteVisualizacao/shared.uml successful!
2013-05-17 00:09:57 INFO  FileUtils:42 - File is copied to manipulation/simples.di from: /Users/edipofederle/Documents/modelingParaEscrita/TesteVisualizacao/shared.di successful!
2013-05-17 00:09:57 INFO  SaveAndCopy:70 - Write: Done
2013-05-17 00:09:57 INFO  SaveAndCopy:64 - Copying files to Papyrus Workspace...
2013-05-17 00:09:57 INFO  FileUtils:42 - File is copied to manipulation/simples.notation from: /Users/edipofederle/Documents/modelingParaEscrita/TesteVisualizacao/shared.notation successful!
2013-05-17 00:09:57 INFO  FileUtils:42 - File is copied to manipulation/simples.uml from: /Users/edipofederle/Documents/modelingParaEscrita/TesteVisualizacao/shared.uml successful!
2013-05-17 00:09:57 INFO  FileUtils:42 - File is copied to manipulation/simples.di from: /Users/edipofederle/Documents/modelingParaEscrita/TesteVisualizacao/shared.di successful!
2013-05-17 00:09:57 INFO  SaveAndCopy:70 - Write: Done
2013-05-17 00:09:57 INFO  SaveAndCopy:64 - Copying files to Papyrus Workspace...
2013-05-17 00:09:57 INFO  FileUtils:42 - File is copied to manipulation/simples.notation from: /Users/edipofederle/Documents/modelingParaEscrita/TesteVisualizacao/shared.notation successful!
2013-05-17 00:09:57 INFO  FileUtils:42 - File is copied to manipulation/simples.uml from: /Users/edipofederle/Documents/modelingParaEscrita/TesteVisualizacao/shared.uml successful!
2013-05-17 00:09:57 INFO  FileUtils:42 - File is copied to manipulation/simples.di from: /Users/edipofederle/Documents/modelingParaEscrita/TesteVisualizacao/shared.di successful!
2013-05-17 00:09:57 INFO  SaveAndCopy:70 - Write: Done
2013-05-17 00:09:57 INFO  SaveAndCopy:64 - Copying files to Papyrus Workspace...
2013-05-17 00:09:57 INFO  FileUtils:42 - File is copied to manipulation/simples.notation from: /Users/edipofederle/Documents/modelingParaEscrita/TesteVisualizacao/shared.notation successful!
2013-05-17 00:09:57 INFO  FileUtils:42 - File is copied to manipulation/simples.uml from: /Users/edipofederle/Documents/modelingParaEscrita/TesteVisualizacao/shared.uml successful!
2013-05-17 00:09:57 INFO  FileUtils:42 - File is copied to manipulation/simples.di from: /Users/edipofederle/Documents/modelingParaEscrita/TesteVisualizacao/shared.di successful!
2013-05-17 00:09:57 INFO  SaveAndCopy:70 - Write: Done
2013-05-17 00:09:57 INFO  SaveAndCopy:64 - Copying files to Papyrus Workspace...
2013-05-17 00:09:57 INFO  FileUtils:42 - File is copied to manipulation/simples.notation from: /Users/edipofederle/Documents/modelingParaEscrita/TesteVisualizacao/sharedClassPackageClass.notation successful!
2013-05-17 00:09:57 INFO  FileUtils:42 - File is copied to manipulation/simples.uml from: /Users/edipofederle/Documents/modelingParaEscrita/TesteVisualizacao/sharedClassPackageClass.uml successful!
2013-05-17 00:09:57 INFO  FileUtils:42 - File is copied to manipulation/simples.di from: /Users/edipofederle/Documents/modelingParaEscrita/TesteVisualizacao/sharedClassPackageClass.di successful!
2013-05-17 00:09:57 INFO  SaveAndCopy:70 - Write: Done
2013-05-17 00:09:57 INFO  SaveAndCopy:64 - Copying files to Papyrus Workspace...
2013-05-17 00:09:57 INFO  FileUtils:42 - File is copied to manipulation/simples.notation from: /Users/edipofederle/Documents/modelingParaEscrita/TesteVisualizacao/sharedClassPackageClass.notation successful!
2013-05-17 00:09:57 INFO  FileUtils:42 - File is copied to manipulation/simples.uml from: /Users/edipofederle/Documents/modelingParaEscrita/TesteVisualizacao/sharedClassPackageClass.uml successful!
2013-05-17 00:09:57 INFO  FileUtils:42 - File is copied to manipulation/simples.di from: /Users/edipofederle/Documents/modelingParaEscrita/TesteVisualizacao/sharedClassPackageClass.di successful!
2013-05-17 00:09:57 INFO  SaveAndCopy:70 - Write: Done
2013-05-17 00:09:57 INFO  SaveAndCopy:64 - Copying files to Papyrus Workspace...
2013-05-17 00:09:57 INFO  FileUtils:42 - File is copied to manipulation/simples.notation from: /Users/edipofederle/Documents/modelingParaEscrita/TesteVisualizacao/sharedClassPackageClass.notation successful!
2013-05-17 00:09:57 INFO  FileUtils:42 - File is copied to manipulation/simples.uml from: /Users/edipofederle/Documents/modelingParaEscrita/TesteVisualizacao/sharedClassPackageClass.uml successful!
2013-05-17 00:09:57 INFO  FileUtils:42 - File is copied to manipulation/simples.di from: /Users/edipofederle/Documents/modelingParaEscrita/TesteVisualizacao/sharedClassPackageClass.di successful!
2013-05-17 00:09:57 INFO  SaveAndCopy:70 - Write: Done
2013-05-17 00:09:57 INFO  SaveAndCopy:64 - Copying files to Papyrus Workspace...
2013-05-17 00:09:57 INFO  FileUtils:42 - File is copied to manipulation/simples.notation from: /Users/edipofederle/Documents/modelingParaEscrita/TesteVisualizacao/sharedClassPackageClass.notation successful!
2013-05-17 00:09:57 INFO  FileUtils:42 - File is copied to manipulation/simples.uml from: /Users/edipofederle/Documents/modelingParaEscrita/TesteVisualizacao/sharedClassPackageClass.uml successful!
2013-05-17 00:09:57 INFO  FileUtils:42 - File is copied to manipulation/simples.di from: /Users/edipofederle/Documents/modelingParaEscrita/TesteVisualizacao/sharedClassPackageClass.di successful!
2013-05-17 00:09:57 INFO  SaveAndCopy:70 - Write: Done
2013-05-17 00:09:57 INFO  SaveAndCopy:64 - Copying files to Papyrus Workspace...
2013-05-17 00:09:57 INFO  FileUtils:42 - File is copied to manipulation/simples.notation from: /Users/edipofederle/Documents/modelingParaEscrita/TesteVisualizacao/sharedClassPackageClass.notation successful!
2013-05-17 00:09:57 INFO  FileUtils:42 - File is copied to manipulation/simples.uml from: /Users/edipofederle/Documents/modelingParaEscrita/TesteVisualizacao/sharedClassPackageClass.uml successful!
2013-05-17 00:09:57 INFO  FileUtils:42 - File is copied to manipulation/simples.di from: /Users/edipofederle/Documents/modelingParaEscrita/TesteVisualizacao/sharedClassPackageClass.di successful!
2013-05-17 00:09:57 INFO  SaveAndCopy:70 - Write: Done
2013-05-17 00:09:57 INFO  SaveAndCopy:64 - Copying files to Papyrus Workspace...
2013-05-17 00:09:57 INFO  FileUtils:42 - File is copied to manipulation/simples.notation from: /Users/edipofederle/Documents/modelingParaEscrita/TesteVisualizacao/sharedClassPackageClass.notation successful!
2013-05-17 00:09:57 INFO  FileUtils:42 - File is copied to manipulation/simples.uml from: /Users/edipofederle/Documents/modelingParaEscrita/TesteVisualizacao/sharedClassPackageClass.uml successful!
2013-05-17 00:09:57 INFO  FileUtils:42 - File is copied to manipulation/simples.di from: /Users/edipofederle/Documents/modelingParaEscrita/TesteVisualizacao/sharedClassPackageClass.di successful!
2013-05-17 00:09:57 INFO  SaveAndCopy:70 - Write: Done
2013-05-17 00:09:57 INFO  SaveAndCopy:64 - Copying files to Papyrus Workspace...
2013-05-17 00:09:57 INFO  FileUtils:42 - File is copied to manipulation/simples.notation from: /Users/edipofederle/Documents/modelingParaEscrita/TesteVisualizacao/sharedClassPackageClass.notation successful!
2013-05-17 00:09:57 INFO  FileUtils:42 - File is copied to manipulation/simples.uml from: /Users/edipofederle/Documents/modelingParaEscrita/TesteVisualizacao/sharedClassPackageClass.uml successful!
2013-05-17 00:09:57 INFO  FileUtils:42 - File is copied to manipulation/simples.di from: /Users/edipofederle/Documents/modelingParaEscrita/TesteVisualizacao/sharedClassPackageClass.di successful!
2013-05-17 00:09:57 INFO  SaveAndCopy:70 - Write: Done
2013-05-17 00:09:57 INFO  SaveAndCopy:64 - Copying files to Papyrus Workspace...
2013-05-17 00:09:57 INFO  FileUtils:42 - File is copied to manipulation/simples.notation from: /Users/edipofederle/Documents/modelingParaEscrita/TesteVisualizacao/sharedClassPackageClass.notation successful!
2013-05-17 00:09:57 INFO  FileUtils:42 - File is copied to manipulation/simples.uml from: /Users/edipofederle/Documents/modelingParaEscrita/TesteVisualizacao/sharedClassPackageClass.uml successful!
2013-05-17 00:09:57 INFO  FileUtils:42 - File is copied to manipulation/simples.di from: /Users/edipofederle/Documents/modelingParaEscrita/TesteVisualizacao/sharedClassPackageClass.di successful!
2013-05-17 00:09:57 INFO  SaveAndCopy:70 - Write: Done
